2013/07/14 21:06:54 [error] [php] Use of undefined constant CHtml - assumed 'CHtml' (/home/tu/www/backend/php/protected/views/saleArea/_form.php:35)
Stack trace:
#0 /home/tu/www/backend/php/framework/web/CController.php(869): SaleAreaController->renderFile()
#1 /home/tu/www/backend/php/protected/views/saleArea/create.php(22): SaleAreaController->renderPartial()
#2 /home/tu/www/backend/php/framework/web/CBaseController.php(126): require()
#3 /home/tu/www/backend/php/framework/web/CBaseController.php(95): SaleAreaController->renderInternal()
#4 /home/tu/www/backend/php/framework/web/CController.php(869): SaleAreaController->renderFile()
#5 /home/tu/www/backend/php/framework/web/CController.php(782): SaleAreaController->renderPartial()
#6 /home/tu/www/backend/php/protected/controllers/SaleAreaController.php(63): SaleAreaController->render()
#7 /home/tu/www/backend/php/framework/web/actions/CInlineAction.php(49): SaleAreaController->actionCreate()
#8 /home/tu/www/backend/php/framework/web/CController.php(308): CInlineAction->runWithParams()
#9 /home/tu/www/backend/php/framework/web/CController.php(286): SaleAreaController->runAction()
#10 /home/tu/www/backend/php/framework/web/CController.php(265): SaleAreaController->runActionWithFilters()
#11 /home/tu/www/backend/php/framework/web/CWebApplication.php(282): SaleAreaController->run()
#12 /home/tu/www/backend/php/framework/web/CWebApplication.php(141): CWebApplication->runController()
#13 /home/tu/www/backend/php/framework/base/CApplication.php(169): CWebApplication->processRequest()
#14 /home/tu/www/backend/php/index.php(13): CWebApplication->run()
REQUEST_URI=/backend/php/index.php?r=saleArea/create
in /home/tu/www/backend/php/protected/views/saleArea/_form.php (35)
in /home/tu/www/backend/php/protected/views/saleArea/create.php (22)
in /home/tu/www/backend/php/protected/controllers/SaleAreaController.php (63)
2013/07/14 21:16:42 [error] [php] Undefined variable: provinces (/home/tu/www/backend/php/protected/views/saleArea/_form.php:28)
Stack trace:
#0 /home/tu/www/backend/php/framework/web/CController.php(869): SaleAreaController->renderFile()
#1 /home/tu/www/backend/php/protected/views/saleArea/update.php(21): SaleAreaController->renderPartial()
#2 /home/tu/www/backend/php/framework/web/CBaseController.php(126): require()
#3 /home/tu/www/backend/php/framework/web/CBaseController.php(95): SaleAreaController->renderInternal()
#4 /home/tu/www/backend/php/framework/web/CController.php(869): SaleAreaController->renderFile()
#5 /home/tu/www/backend/php/framework/web/CController.php(782): SaleAreaController->renderPartial()
#6 /home/tu/www/backend/php/protected/controllers/SaleAreaController.php(81): SaleAreaController->render()
#7 unknown(0): SaleAreaController->actionUpdate()
#8 /home/tu/www/backend/php/framework/web/actions/CAction.php(108): ReflectionMethod->invokeArgs()
#9 /home/tu/www/backend/php/framework/web/actions/CInlineAction.php(47): CInlineAction->runWithParamsInternal()
#10 /home/tu/www/backend/php/framework/web/CController.php(308): CInlineAction->runWithParams()
#11 /home/tu/www/backend/php/framework/web/CController.php(286): SaleAreaController->runAction()
#12 /home/tu/www/backend/php/framework/web/CController.php(265): SaleAreaController->runActionWithFilters()
#13 /home/tu/www/backend/php/framework/web/CWebApplication.php(282): SaleAreaController->run()
#14 /home/tu/www/backend/php/framework/web/CWebApplication.php(141): CWebApplication->runController()
#15 /home/tu/www/backend/php/framework/base/CApplication.php(169): CWebApplication->processRequest()
#16 /home/tu/www/backend/php/index.php(13): CWebApplication->run()
REQUEST_URI=/backend/php/index.php?r=saleArea/update&id=N1
in /home/tu/www/backend/php/protected/views/saleArea/_form.php (28)
in /home/tu/www/backend/php/protected/views/saleArea/update.php (21)
in /home/tu/www/backend/php/protected/controllers/SaleAreaController.php (81)
2013/07/14 22:26:46 [error] [exception.CException] exception 'CException' with message 'SaleArea and its behaviors do not have a method or closure named "getOption".' in /home/tu/www/backend/php/framework/base/CComponent.php:265
Stack trace:
#0 /home/tu/www/backend/php/framework/db/ar/CActiveRecord.php(225): CComponent->__call('getOption', Array)
#1 /home/tu/www/backend/php/protected/views/device/_form.php(28): CActiveRecord->__call('getOption', Array)
#2 /home/tu/www/backend/php/protected/views/device/_form.php(28): SaleArea->getOption()
#3 /home/tu/www/backend/php/framework/web/CBaseController.php(126): require('/home/tu/www/ba...')
#4 /home/tu/www/backend/php/framework/web/CBaseController.php(95): CBaseController->renderInternal('/home/tu/www/ba...', Array, true)
#5 /home/tu/www/backend/php/framework/web/CController.php(869): CBaseController->renderFile('/home/tu/www/ba...', Array, true)
#6 /home/tu/www/backend/php/protected/views/device/create.php(19): CController->renderPartial('_form', Array)
#7 /home/tu/www/backend/php/framework/web/CBaseController.php(126): require('/home/tu/www/ba...')
#8 /home/tu/www/backend/php/framework/web/CBaseController.php(95): CBaseController->renderInternal('/home/tu/www/ba...', Array, true)
#9 /home/tu/www/backend/php/framework/web/CController.php(869): CBaseController->renderFile('/home/tu/www/ba...', Array, true)
#10 /home/tu/www/backend/php/framework/web/CController.php(782): CController->renderPartial('create', Array, true)
#11 /home/tu/www/backend/php/protected/controllers/DeviceController.php(53): CController->render('create', Array)
#12 /home/tu/www/backend/php/framework/web/actions/CInlineAction.php(49): DeviceController->actionCreate()
#13 /home/tu/www/backend/php/framework/web/CController.php(308): CInlineAction->runWithParams(Array)
#14 /home/tu/www/backend/php/framework/web/filters/CFilterChain.php(133): CController->runAction(Object(CInlineAction))
#15 /home/tu/www/backend/php/framework/web/filters/CFilter.php(40): CFilterChain->run()
#16 /home/tu/www/backend/php/framework/web/CController.php(1145): CFilter->filter(Object(CFilterChain))
#17 /home/tu/www/backend/php/framework/web/filters/CInlineFilter.php(58): CController->filterAccessControl(Object(CFilterChain))
#18 /home/tu/www/backend/php/framework/web/filters/CFilterChain.php(130): CInlineFilter->filter(Object(CFilterChain))
#19 /home/tu/www/backend/php/framework/web/CController.php(291): CFilterChain->run()
#20 /home/tu/www/backend/php/framework/web/CController.php(265): CController->runActionWithFilters(Object(CInlineAction), Array)
#21 /home/tu/www/backend/php/framework/web/CWebApplication.php(282): CController->run('create')
#22 /home/tu/www/backend/php/framework/web/CWebApplication.php(141): CWebApplication->runController('device/create')
#23 /home/tu/www/backend/php/framework/base/CApplication.php(169): CWebApplication->processRequest()
#24 /home/tu/www/backend/php/index.php(13): CApplication->run()
#25 {main}
REQUEST_URI=/backend/php/index.php?r=device/create
HTTP_REFERER=https://localhost/backend/php/index.php?r=device/view&id=D001
---
2013/07/14 22:40:29 [error] [exception.CException] exception 'CException' with message 'SaleArea and its behaviors do not have a method or closure named "getProvinces".' in /home/tu/www/backend/php/framework/base/CComponent.php:265
Stack trace:
#0 /home/tu/www/backend/php/framework/db/ar/CActiveRecord.php(225): CComponent->__call('getProvinces', Array)
#1 /home/tu/www/backend/php/protected/views/saleArea/_form.php(28): CActiveRecord->__call('getProvinces', Array)
#2 /home/tu/www/backend/php/protected/views/saleArea/_form.php(28): SaleArea->getProvinces()
#3 /home/tu/www/backend/php/framework/web/CBaseController.php(126): require('/home/tu/www/ba...')
#4 /home/tu/www/backend/php/framework/web/CBaseController.php(95): CBaseController->renderInternal('/home/tu/www/ba...', Array, true)
#5 /home/tu/www/backend/php/framework/web/CController.php(869): CBaseController->renderFile('/home/tu/www/ba...', Array, true)
#6 /home/tu/www/backend/php/protected/views/saleArea/create.php(19): CController->renderPartial('_form', Array)
#7 /home/tu/www/backend/php/framework/web/CBaseController.php(126): require('/home/tu/www/ba...')
#8 /home/tu/www/backend/php/framework/web/CBaseController.php(95): CBaseController->renderInternal('/home/tu/www/ba...', Array, true)
#9 /home/tu/www/backend/php/framework/web/CController.php(869): CBaseController->renderFile('/home/tu/www/ba...', Array, true)
#10 /home/tu/www/backend/php/framework/web/CController.php(782): CController->renderPartial('create', Array, true)
#11 /home/tu/www/backend/php/protected/controllers/SaleAreaController.php(53): CController->render('create', Array)
#12 /home/tu/www/backend/php/framework/web/actions/CInlineAction.php(49): SaleAreaController->actionCreate()
#13 /home/tu/www/backend/php/framework/web/CController.php(308): CInlineAction->runWithParams(Array)
#14 /home/tu/www/backend/php/framework/web/filters/CFilterChain.php(133): CController->runAction(Object(CInlineAction))
#15 /home/tu/www/backend/php/framework/web/filters/CFilter.php(40): CFilterChain->run()
#16 /home/tu/www/backend/php/framework/web/CController.php(1145): CFilter->filter(Object(CFilterChain))
#17 /home/tu/www/backend/php/framework/web/filters/CInlineFilter.php(58): CController->filterAccessControl(Object(CFilterChain))
#18 /home/tu/www/backend/php/framework/web/filters/CFilterChain.php(130): CInlineFilter->filter(Object(CFilterChain))
#19 /home/tu/www/backend/php/framework/web/CController.php(291): CFilterChain->run()
#20 /home/tu/www/backend/php/framework/web/CController.php(265): CController->runActionWithFilters(Object(CInlineAction), Array)
#21 /home/tu/www/backend/php/framework/web/CWebApplication.php(282): CController->run('create')
#22 /home/tu/www/backend/php/framework/web/CWebApplication.php(141): CWebApplication->runController('saleArea/create')
#23 /home/tu/www/backend/php/framework/base/CApplication.php(169): CWebApplication->processRequest()
#24 /home/tu/www/backend/php/index.php(13): CApplication->run()
#25 {main}
REQUEST_URI=/backend/php/index.php?r=saleArea/create
HTTP_REFERER=https://localhost/backend/php/index.php?r=saleArea/
---
2013/07/14 22:41:57 [error] [exception.CException] exception 'CException' with message 'SaleArea and its behaviors do not have a method or closure named "getDistricts".' in /home/tu/www/backend/php/framework/base/CComponent.php:265
Stack trace:
#0 /home/tu/www/backend/php/framework/db/ar/CActiveRecord.php(225): CComponent->__call('getDistricts', Array)
#1 /home/tu/www/backend/php/protected/views/saleArea/_form.php(43): CActiveRecord->__call('getDistricts', Array)
#2 /home/tu/www/backend/php/protected/views/saleArea/_form.php(43): SaleArea->getDistricts()
#3 /home/tu/www/backend/php/framework/web/CBaseController.php(126): require('/home/tu/www/ba...')
#4 /home/tu/www/backend/php/framework/web/CBaseController.php(95): CBaseController->renderInternal('/home/tu/www/ba...', Array, true)
#5 /home/tu/www/backend/php/framework/web/CController.php(869): CBaseController->renderFile('/home/tu/www/ba...', Array, true)
#6 /home/tu/www/backend/php/protected/views/saleArea/create.php(19): CController->renderPartial('_form', Array)
#7 /home/tu/www/backend/php/framework/web/CBaseController.php(126): require('/home/tu/www/ba...')
#8 /home/tu/www/backend/php/framework/web/CBaseController.php(95): CBaseController->renderInternal('/home/tu/www/ba...', Array, true)
#9 /home/tu/www/backend/php/framework/web/CController.php(869): CBaseController->renderFile('/home/tu/www/ba...', Array, true)
#10 /home/tu/www/backend/php/framework/web/CController.php(782): CController->renderPartial('create', Array, true)
#11 /home/tu/www/backend/php/protected/controllers/SaleAreaController.php(53): CController->render('create', Array)
#12 /home/tu/www/backend/php/framework/web/actions/CInlineAction.php(49): SaleAreaController->actionCreate()
#13 /home/tu/www/backend/php/framework/web/CController.php(308): CInlineAction->runWithParams(Array)
#14 /home/tu/www/backend/php/framework/web/filters/CFilterChain.php(133): CController->runAction(Object(CInlineAction))
#15 /home/tu/www/backend/php/framework/web/filters/CFilter.php(40): CFilterChain->run()
#16 /home/tu/www/backend/php/framework/web/CController.php(1145): CFilter->filter(Object(CFilterChain))
#17 /home/tu/www/backend/php/framework/web/filters/CInlineFilter.php(58): CController->filterAccessControl(Object(CFilterChain))
#18 /home/tu/www/backend/php/framework/web/filters/CFilterChain.php(130): CInlineFilter->filter(Object(CFilterChain))
#19 /home/tu/www/backend/php/framework/web/CController.php(291): CFilterChain->run()
#20 /home/tu/www/backend/php/framework/web/CController.php(265): CController->runActionWithFilters(Object(CInlineAction), Array)
#21 /home/tu/www/backend/php/framework/web/CWebApplication.php(282): CController->run('create')
#22 /home/tu/www/backend/php/framework/web/CWebApplication.php(141): CWebApplication->runController('saleArea/create')
#23 /home/tu/www/backend/php/framework/base/CApplication.php(169): CWebApplication->processRequest()
#24 /home/tu/www/backend/php/index.php(13): CApplication->run()
#25 {main}
REQUEST_URI=/backend/php/index.php?r=saleArea/create
HTTP_REFERER=https://localhost/backend/php/index.php?r=saleArea/
---
2013/07/14 22:44:49 [error] [exception.CException] exception 'CException' with message 'SaleArea and its behaviors do not have a method or closure named "getOptions".' in /home/tu/www/backend/php/framework/base/CComponent.php:265
Stack trace:
#0 /home/tu/www/backend/php/framework/db/ar/CActiveRecord.php(225): CComponent->__call('getOptions', Array)
#1 /home/tu/www/backend/php/protected/views/saleUnit/_form.php(38): CActiveRecord->__call('getOptions', Array)
#2 /home/tu/www/backend/php/protected/views/saleUnit/_form.php(38): SaleArea->getOptions()
#3 /home/tu/www/backend/php/framework/web/CBaseController.php(126): require('/home/tu/www/ba...')
#4 /home/tu/www/backend/php/framework/web/CBaseController.php(95): CBaseController->renderInternal('/home/tu/www/ba...', Array, true)
#5 /home/tu/www/backend/php/framework/web/CController.php(869): CBaseController->renderFile('/home/tu/www/ba...', Array, true)
#6 /home/tu/www/backend/php/protected/views/saleUnit/create.php(19): CController->renderPartial('_form', Array)
#7 /home/tu/www/backend/php/framework/web/CBaseController.php(126): require('/home/tu/www/ba...')
#8 /home/tu/www/backend/php/framework/web/CBaseController.php(95): CBaseController->renderInternal('/home/tu/www/ba...', Array, true)
#9 /home/tu/www/backend/php/framework/web/CController.php(869): CBaseController->renderFile('/home/tu/www/ba...', Array, true)
#10 /home/tu/www/backend/php/framework/web/CController.php(782): CController->renderPartial('create', Array, true)
#11 /home/tu/www/backend/php/protected/controllers/SaleUnitController.php(53): CController->render('create', Array)
#12 /home/tu/www/backend/php/framework/web/actions/CInlineAction.php(49): SaleUnitController->actionCreate()
#13 /home/tu/www/backend/php/framework/web/CController.php(308): CInlineAction->runWithParams(Array)
#14 /home/tu/www/backend/php/framework/web/filters/CFilterChain.php(133): CController->runAction(Object(CInlineAction))
#15 /home/tu/www/backend/php/framework/web/filters/CFilter.php(40): CFilterChain->run()
#16 /home/tu/www/backend/php/framework/web/CController.php(1145): CFilter->filter(Object(CFilterChain))
#17 /home/tu/www/backend/php/framework/web/filters/CInlineFilter.php(58): CController->filterAccessControl(Object(CFilterChain))
#18 /home/tu/www/backend/php/framework/web/filters/CFilterChain.php(130): CInlineFilter->filter(Object(CFilterChain))
#19 /home/tu/www/backend/php/framework/web/CController.php(291): CFilterChain->run()
#20 /home/tu/www/backend/php/framework/web/CController.php(265): CController->runActionWithFilters(Object(CInlineAction), Array)
#21 /home/tu/www/backend/php/framework/web/CWebApplication.php(282): CController->run('create')
#22 /home/tu/www/backend/php/framework/web/CWebApplication.php(141): CWebApplication->runController('saleUnit/create')
#23 /home/tu/www/backend/php/framework/base/CApplication.php(169): CWebApplication->processRequest()
#24 /home/tu/www/backend/php/index.php(13): CApplication->run()
#25 {main}
REQUEST_URI=/backend/php/index.php?r=saleUnit/create
HTTP_REFERER=https://localhost/backend/php/index.php?r=saleUnit
---
2013/07/14 22:59:31 [error] [exception.CHttpException.404] exception 'CHttpException' with message 'The requested page does not exist.' in /home/tu/www/backend/php/protected/extensions/giix-components/GxController.php:144
Stack trace:
#0 /home/tu/www/backend/php/protected/controllers/DeviceSettingController.php(57): GxController->loadModel('asd', 'DeviceSetting')
#1 [internal function]: DeviceSettingController->actionUpdate('asd')
#2 /home/tu/www/backend/php/framework/web/actions/CAction.php(108): ReflectionMethod->invokeArgs(Object(DeviceSettingController), Array)
#3 /home/tu/www/backend/php/framework/web/actions/CInlineAction.php(47): CAction->runWithParamsInternal(Object(DeviceSettingController), Object(ReflectionMethod), Array)
#4 /home/tu/www/backend/php/framework/web/CController.php(308): CInlineAction->runWithParams(Array)
#5 /home/tu/www/backend/php/framework/web/filters/CFilterChain.php(133): CController->runAction(Object(CInlineAction))
#6 /home/tu/www/backend/php/framework/web/filters/CFilter.php(40): CFilterChain->run()
#7 /home/tu/www/backend/php/framework/web/CController.php(1145): CFilter->filter(Object(CFilterChain))
#8 /home/tu/www/backend/php/framework/web/filters/CInlineFilter.php(58): CController->filterAccessControl(Object(CFilterChain))
#9 /home/tu/www/backend/php/framework/web/filters/CFilterChain.php(130): CInlineFilter->filter(Object(CFilterChain))
#10 /home/tu/www/backend/php/framework/web/CController.php(291): CFilterChain->run()
#11 /home/tu/www/backend/php/framework/web/CController.php(265): CController->runActionWithFilters(Object(CInlineAction), Array)
#12 /home/tu/www/backend/php/framework/web/CWebApplication.php(282): CController->run('update')
#13 /home/tu/www/backend/php/framework/web/CWebApplication.php(141): CWebApplication->runController('deviceSetting/u...')
#14 /home/tu/www/backend/php/framework/base/CApplication.php(169): CWebApplication->processRequest()
#15 /home/tu/www/backend/php/index.php(13): CApplication->run()
#16 {main}
REQUEST_URI=/backend/php/index.php?r=deviceSetting/update&id=asd
HTTP_REFERER=https://localhost/backend/php/index.php?r=deviceSetting/view&id=asd
---
2013/07/14 22:59:35 [error] [exception.CHttpException.404] exception 'CHttpException' with message 'The requested page does not exist.' in /home/tu/www/backend/php/protected/extensions/giix-components/GxController.php:144
Stack trace:
#0 /home/tu/www/backend/php/protected/controllers/DeviceSettingController.php(33): GxController->loadModel('asd', 'DeviceSetting')
#1 [internal function]: DeviceSettingController->actionView('asd')
#2 /home/tu/www/backend/php/framework/web/actions/CAction.php(108): ReflectionMethod->invokeArgs(Object(DeviceSettingController), Array)
#3 /home/tu/www/backend/php/framework/web/actions/CInlineAction.php(47): CAction->runWithParamsInternal(Object(DeviceSettingController), Object(ReflectionMethod), Array)
#4 /home/tu/www/backend/php/framework/web/CController.php(308): CInlineAction->runWithParams(Array)
#5 /home/tu/www/backend/php/framework/web/filters/CFilterChain.php(133): CController->runAction(Object(CInlineAction))
#6 /home/tu/www/backend/php/framework/web/filters/CFilter.php(40): CFilterChain->run()
#7 /home/tu/www/backend/php/framework/web/CController.php(1145): CFilter->filter(Object(CFilterChain))
#8 /home/tu/www/backend/php/framework/web/filters/CInlineFilter.php(58): CController->filterAccessControl(Object(CFilterChain))
#9 /home/tu/www/backend/php/framework/web/filters/CFilterChain.php(130): CInlineFilter->filter(Object(CFilterChain))
#10 /home/tu/www/backend/php/framework/web/CController.php(291): CFilterChain->run()
#11 /home/tu/www/backend/php/framework/web/CController.php(265): CController->runActionWithFilters(Object(CInlineAction), Array)
#12 /home/tu/www/backend/php/framework/web/CWebApplication.php(282): CController->run('view')
#13 /home/tu/www/backend/php/framework/web/CWebApplication.php(141): CWebApplication->runController('deviceSetting/v...')
#14 /home/tu/www/backend/php/framework/base/CApplication.php(169): CWebApplication->processRequest()
#15 /home/tu/www/backend/php/index.php(13): CApplication->run()
#16 {main}
REQUEST_URI=/backend/php/index.php?r=deviceSetting/view&id=asd
HTTP_REFERER=https://localhost/backend/php/index.php?r=deviceSetting/create
---
